[main] DEBUG loggingexample.log4jExample  - Debug Message!
[main] INFO  loggingexample.log4jExample  - Info Message!
[main] WARN  loggingexample.log4jExample  - Warn Message!
[main] ERROR loggingexample.log4jExample  - Error Message!
[main] FATAL loggingexample.log4jExample  - Fatal Message!
[main] DEBUG loggingexample.log4jExample  - Debug Message!
[main] INFO  loggingexample.log4jExample  - Info Message!
[main] WARN  loggingexample.log4jExample  - Warn Message!
[main] ERROR loggingexample.log4jExample  - Error Message!
[main] FATAL loggingexample.log4jExample  - Fatal Message!
[main] DEBUG loggingexample.log4jExample  - Debug Message!
[main] INFO  loggingexample.log4jExample  - Info Message!
[main] WARN  loggingexample.log4jExample  - Warn Message!
[main] ERROR loggingexample.log4jExample  - Error Message!
[main] FATAL loggingexample.log4jExample  - Fatal Message!
[main] DEBUG loggingexample.log4jExample  - Debug Message!
[main] INFO  loggingexample.log4jExample  - Info Message!
[main] WARN  loggingexample.log4jExample  - Warn Message!
[main] ERROR loggingexample.log4jExample  - Error Message!
[main] FATAL loggingexample.log4jExample  - Fatal Message!
[main] DEBUG loggingexample.log4jExample  - Debug Message!
[main] INFO  loggingexample.log4jExample  - Info Message!
[main] WARN  loggingexample.log4jExample  - Warn Message!
[main] ERROR loggingexample.log4jExample  - Error Message!
[main] FATAL loggingexample.log4jExample  - Fatal Message!
[main] DEBUG loggingexample.log4jExample  - Debug Message!
[main] INFO  loggingexample.log4jExample  - Info Message!
[main] WARN  loggingexample.log4jExample  - Warn Message!
[main] ERROR loggingexample.log4jExample  - Error Message!
[main] FATAL loggingexample.log4jExample  - Fatal Message!
[main] DEBUG loggingexample.log4jExample  - Debug Message!
[main] INFO  loggingexample.log4jExample  - Info Message!
[main] WARN  loggingexample.log4jExample  - Warn Message!
[main] ERROR loggingexample.log4jExample  - Error Message!
[main] FATAL loggingexample.log4jExample  - Fatal Message!
[main] DEBUG loggingexample.log4jExample  - Debug Message!
[main] INFO  loggingexample.log4jExample  - Info Message!
[main] WARN  loggingexample.log4jExample  - Warn Message!
[main] ERROR loggingexample.log4jExample  - Error Message!
[main] FATAL loggingexample.log4jExample  - Fatal Message!
[main] DEBUG loggingexample.log4jExample  - Debug Message!
[main] INFO  loggingexample.log4jExample  - Info Message!
[main] WARN  loggingexample.log4jExample  - Warn Message!
[main] ERROR loggingexample.log4jExample  - Error Message!
[main] FATAL loggingexample.log4jExample  - Fatal Message!
[main] DEBUG loggingexample.log4jExample  - Debug Message!
[main] INFO  loggingexample.log4jExample  - Info Message!
[main] WARN  loggingexample.log4jExample  - Warn Message!
[main] ERROR loggingexample.log4jExample  - Error Message!
[main] FATAL loggingexample.log4jExample  - Fatal Message!
[main] DEBUG loggingexample.log4jExample  - Debug Message!
[main] INFO  loggingexample.log4jExample  - Info Message!
[main] WARN  loggingexample.log4jExample  - Warn Message!
[main] ERROR loggingexample.log4jExample  - Error Message!
[main] FATAL loggingexample.log4jExample  - Fatal Message!
[main] DEBUG loggingexample.log4jExample  - Debug Message!
[main] INFO  loggingexample.log4jExample  - Info Message!
[main] WARN  loggingexample.log4jExample  - Warn Message!
[main] ERROR loggingexample.log4jExample  - Error Message!
[main] FATAL loggingexample.log4jExample  - Fatal Message!
[main] DEBUG loggingexample.log4jExample  - Debug Message!
[main] INFO  loggingexample.log4jExample  - Info Message!
[main] WARN  loggingexample.log4jExample  - Warn Message!
[main] ERROR loggingexample.log4jExample  - Error Message!
[main] FATAL loggingexample.log4jExample  - Fatal Message!
[main] DEBUG loggingexample.log4jExample  - Debug Message!
[main] INFO  loggingexample.log4jExample  - Info Message!
[main] WARN  loggingexample.log4jExample  - Warn Message!
[main] ERROR loggingexample.log4jExample  - Error Message!
[main] FATAL loggingexample.log4jExample  - Fatal Message!
[main] DEBUG loggingexample.log4jExample  - Debug Message!
[main] INFO  loggingexample.log4jExample  - Info Message!
[main] WARN  loggingexample.log4jExample  - Warn Message!
[main] ERROR loggingexample.log4jExample  - Error Message!
[main] FATAL loggingexample.log4jExample  - Fatal Message!
[main] DEBUG loggingexample.log4jExample  - Debug Message!
[main] INFO  loggingexample.log4jExample  - Info Message!
[main] WARN  loggingexample.log4jExample  - Warn Message!
[main] ERROR loggingexample.log4jExample  - Error Message!
[main] FATAL loggingexample.log4jExample  - Fatal Message!
